<?xml version="1.0" encoding="UTF-8"?>
<coverage generated="1620760942216" clover="3.2.0">
  <project timestamp="1620760942216" name="All files">
    <metrics statements="4" coveredstatements="4" conditionals="2" coveredconditionals="1" methods="3" coveredmethods="3" elements="9" coveredelements="8" complexity="0" loc="4" ncloc="4" packages="1" files="1" classes="1"/>
    <file name="poiDensityController.js" path="C:\Source\EloquentElks\eloquent-elks-poi-density-api\server\api\controllers\poiDensityController.js">
      <metrics statements="4" coveredstatements="4" conditionals="2" coveredconditionals="1" methods="3" coveredmethods="3"/>
      <line num="3" count="2" type="stmt"/>
      <line num="7" count="2" type="stmt"/>
      <line num="8" count="1" type="cond" truecount="1" falsecount="1"/>
      <line num="10" count="1" type="stmt"/>
    </file>
  </project>
</coverage>
