{"C:\\Source\\EloquentElks\\eloquent-elks-poi-density-api\\server\\api\\controllers\\poiDensityController.js": {"path":"C:\\Source\\EloquentElks\\eloquent-elks-poi-density-api\\server\\api\\controllers\\poiDensityController.js","statementMap":{"0":{"start":{"line":3,"column":4},"end":{"line":3,"column":41}},"1":{"start":{"line":7,"column":4},"end":{"line":17,"column":7}},"2":{"start":{"line":8,"column":6},"end":{"line":16,"column":17}},"3":{"start":{"line":8,"column":13},"end":{"line":8,"column":25}},"4":{"start":{"line":10,"column":8},"end":{"line":16,"column":17}}},"fnMap":{"0":{"name":"(anonymous_0)","decl":{"start":{"line":2,"column":2},"end":{"line":2,"column":3}},"loc":{"start":{"line":2,"column":30},"end":{"line":4,"column":3}},"line":2},"1":{"name":"(anonymous_1)","decl":{"start":{"line":6,"column":2},"end":{"line":6,"column":3}},"loc":{"start":{"line":6,"column":19},"end":{"line":18,"column":3}},"line":6},"2":{"name":"(anonymous_2)","decl":{"start":{"line":7,"column":62},"end":{"line":7,"column":63}},"loc":{"start":{"line":7,"column":69},"end":{"line":17,"column":5}},"line":7}},"branchMap":{"0":{"loc":{"start":{"line":8,"column":6},"end":{"line":16,"column":17}},"type":"if","locations":[{"start":{"line":8,"column":6},"end":{"line":16,"column":17}},{"start":{"line":8,"column":6},"end":{"line":16,"column":17}}],"line":8}},"s":{"0":2,"1":2,"2":1,"3":0,"4":1},"f":{"0":2,"1":2,"2":1},"b":{"0":[0,1]},"_coverageSchema":"1a1c01bbd47fc00a2c39e90264f33305004495a9","hash":"54a3d7497beb2e16e0ba99323505fccf90f15571"}
}
